[22:25:15] [Client thread/INFO]: Setting user: Player226
[22:25:34] [Client thread/WARN]: Skipping bad option: lastServer:
[22:25:34] [Client thread/INFO]: LWJGL Version: 2.9.4
[22:26:06] [Client thread/INFO]: Reloading ResourceManager: Default, FMLFileResourcePack:Forge Mod Loader, FMLFileResourcePack:Minecraft Forge, FMLFileResourcePack:Compressed Cookies, CCResources.zip
[22:26:30] [Sound Library Loader/INFO]: Starting up SoundSystem...
[22:26:31] [Thread-8/INFO]: Initializing LWJGL OpenAL
[22:26:31] [Thread-8/INFO]: (The LWJGL binding of OpenAL.  For more information, see http://www.lwjgl.org)
[22:26:31] [Thread-8/INFO]: OpenAL initialized.
[22:26:31] [Sound Library Loader/INFO]: Sound engine started
[22:27:15] [Client thread/INFO]: Created: 16x16 textures-atlas
[22:27:20] [Client thread/INFO]: Reloading ResourceManager: Default, FMLFileResourcePack:Forge Mod Loader, FMLFileResourcePack:Minecraft Forge, FMLFileResourcePack:Compressed Cookies, CCResources.zip
[22:27:42] [Client thread/INFO]: SoundSystem shutting down...
[22:27:43] [Client thread/WARN]: Author: Paul Lamb, www.paulscode.com
[22:27:43] [Sound Library Loader/INFO]: Starting up SoundSystem...
[22:27:43] [Thread-10/INFO]: Initializing LWJGL OpenAL
[22:27:43] [Thread-10/INFO]: (The LWJGL binding of OpenAL.  For more information, see http://www.lwjgl.org)
[22:27:43] [Thread-10/INFO]: OpenAL initialized.
[22:27:43] [Sound Library Loader/INFO]: Sound engine started
[22:28:16] [Client thread/INFO]: Created: 512x512 textures-atlas
[22:28:27] [Client thread/WARN]: Skipping bad option: lastServer:
[22:28:31] [Realms Notification Availability checker #1/INFO]: Could not authorize you against Realms server: Invalid session id
[22:29:02] [Server thread/INFO]: Starting integrated minecraft server version 1.11.2
[22:29:02] [Server thread/INFO]: Generating keypair
[22:29:07] [Server thread/INFO]: Preparing start region for level 0
[22:29:11] [Server thread/INFO]: Preparing spawn area: 0%
[22:29:12] [Server thread/INFO]: Preparing spawn area: 4%
[22:29:13] [Server thread/INFO]: Preparing spawn area: 21%
[22:29:14] [Server thread/INFO]: Preparing spawn area: 37%
[22:29:15] [Server thread/INFO]: Preparing spawn area: 52%
[22:29:16] [Server thread/INFO]: Preparing spawn area: 71%
[22:29:17] [Server thread/INFO]: Preparing spawn area: 90%
[22:29:19] [Server thread/INFO]: Changing view distance to 12, from 10
[22:29:23] [Server thread/WARN]: Can't keep up! Did the system time change, or is the server overloaded? Running 3353ms behind, skipping 67 tick(s)
[22:29:29] [Server thread/INFO]: Player226[local:E:579ff9ad] logged in with entity id 235 at (58.171512717444394, 68.0, 161.12913989559124)
[22:29:29] [Server thread/INFO]: Player226 joined the game
[22:29:35] [Server thread/INFO]: Saving and pausing game...
[22:29:36] [Server thread/INFO]: Saving chunks for level 'New World'/Overworld
[22:29:39] [Server thread/INFO]: Saving chunks for level 'New World'/Nether
[22:29:39] [Server thread/INFO]: Saving chunks for level 'New World'/The End
[22:29:39] [pool-2-thread-1/WARN]: Couldn't look up profile properties for com.mojang.authlib.GameProfile@2dd49fbd[id=8b435ab7-751f-377f-8d6e-243e4ae9abf2,name=Player226,properties={},legacy=false]
com.mojang.authlib.exceptions.AuthenticationException: The client has sent too many requests within a certain amount of time
	at com.mojang.authlib.yggdrasil.YggdrasilAuthenticationService.makeRequest(YggdrasilAuthenticationService.java:79) ~[YggdrasilAuthenticationService.class:?]
	at com.mojang.authlib.yggdrasil.YggdrasilMinecraftSessionService.fillGameProfile(YggdrasilMinecraftSessionService.java:180) [YggdrasilMinecraftSessionService.class:?]
	at com.mojang.authlib.yggdrasil.YggdrasilMinecraftSessionService$1.load(YggdrasilMinecraftSessionService.java:60) [YggdrasilMinecraftSessionService$1.class:?]
	at com.mojang.authlib.yggdrasil.YggdrasilMinecraftSessionService$1.load(YggdrasilMinecraftSessionService.java:57) [YggdrasilMinecraftSessionService$1.class:?]
	at com.google.common.cache.LocalCache$LoadingValueReference.loadFuture(LocalCache.java:3524) [guava-17.0.jar:?]
	at com.google.common.cache.LocalCache$Segment.loadSync(LocalCache.java:2317) [guava-17.0.jar:?]
	at com.google.common.cache.LocalCache$Segment.lockedGetOrLoad(LocalCache.java:2280) [guava-17.0.jar:?]
	at com.google.common.cache.LocalCache$Segment.get(LocalCache.java:2195) [guava-17.0.jar:?]
	at com.google.common.cache.LocalCache.get(LocalCache.java:3934) [guava-17.0.jar:?]
	at com.google.common.cache.LocalCache.getOrLoad(LocalCache.java:3938) [guava-17.0.jar:?]
	at com.google.common.cache.LocalCache$LocalLoadingCache.get(LocalCache.java:4821) [guava-17.0.jar:?]
	at com.google.common.cache.LocalCache$LocalLoadingCache.getUnchecked(LocalCache.java:4827) [guava-17.0.jar:?]
	at com.mojang.authlib.yggdrasil.YggdrasilMinecraftSessionService.fillProfileProperties(YggdrasilMinecraftSessionService.java:170) [YggdrasilMinecraftSessionService.class:?]
	at net.minecraft.client.Minecraft.getProfileProperties(Minecraft.java:3056) [Minecraft.class:?]
	at net.minecraft.client.resources.SkinManager$3.run(SkinManager.java:138) [SkinManager$3.class:?]
	at java.util.concurrent.Executors$RunnableAdapter.call(Unknown Source) [?:1.8.0_131]
	at java.util.concurrent.FutureTask.run(Unknown Source) [?:1.8.0_131]
	at java.util.concurrent.ThreadPoolExecutor.runWorker(Unknown Source) [?:1.8.0_131]
	at java.util.concurrent.ThreadPoolExecutor$Worker.run(Unknown Source) [?:1.8.0_131]
	at java.lang.Thread.run(Unknown Source) [?:1.8.0_131]
[22:30:02] [Server thread/WARN]: Can't keep up! Did the system time change, or is the server overloaded? Running 15389ms behind, skipping 307 tick(s)
[22:30:20] [Server thread/WARN]: Can't keep up! Did the system time change, or is the server overloaded? Running 2326ms behind, skipping 46 tick(s)
[22:30:53] [Server thread/INFO]: Player226 has just earned the achievement [Taking Inventory]
[22:30:54] [Client thread/INFO]: [CHAT] Player226 has just earned the achievement [Taking Inventory]
[22:31:05] [Server thread/WARN]: Can't keep up! Did the system time change, or is the server overloaded? Running 2227ms behind, skipping 44 tick(s)
[22:31:48] [Server thread/INFO]: Saving and pausing game...
[22:31:48] [Server thread/INFO]: Saving chunks for level 'New World'/Overworld
[22:31:50] [Server thread/INFO]: Saving chunks for level 'New World'/Nether
[22:31:50] [Server thread/INFO]: Saving chunks for level 'New World'/The End
[22:31:50] [Server thread/INFO]: Stopping server
[22:31:50] [Server thread/INFO]: Saving players
[22:31:50] [Server thread/INFO]: Player226 lost connection: TextComponent{text='Disconnected', siblings=[], style=Style{hasParent=false, color=null, bold=null, italic=null, underlined=null, obfuscated=null, clickEvent=null, hoverEvent=null, insertion=null}}
[22:31:50] [Server thread/INFO]: Player226 left the game
[22:31:50] [Server thread/INFO]: Stopping singleplayer server as player logged out
[22:31:50] [Server thread/INFO]: Saving worlds
[22:31:50] [Server thread/INFO]: Saving chunks for level 'New World'/Overworld
[22:31:51] [Server thread/INFO]: Saving chunks for level 'New World'/Nether
[22:31:51] [Server thread/INFO]: Saving chunks for level 'New World'/The End
[22:33:28] [Client thread/INFO]: Stopping!
[22:33:28] [Client thread/INFO]: SoundSystem shutting down...
[22:33:29] [Client thread/WARN]: Author: Paul Lamb, www.paulscode.com
